<?xml version="1.0" encoding="UTF-8"?>
<coverage generated="1750703131939" clover="3.2.0">
  <project timestamp="1750703131939" name="All files">
    <metrics statements="17" coveredstatements="8" conditionals="0" coveredconditionals="0" methods="5" coveredmethods="1" elements="22" coveredelements="9" complexity="0" loc="17" ncloc="17" packages="2" files="2" classes="2"/>
    <package name="controller">
      <metrics statements="16" coveredstatements="7" conditionals="0" coveredconditionals="0" methods="5" coveredmethods="1"/>
      <file name="bookController.js" path="C:\Users\KIIT\Desktop\aayush_keploy\task3\controller\bookController.js">
        <metrics statements="16" coveredstatements="7" conditionals="0" coveredconditionals="0" methods="5" coveredmethods="1"/>
        <line num="3" count="1" type="stmt"/>
        <line num="4" count="1" type="stmt"/>
        <line num="5" count="1" type="stmt"/>
        <line num="8" count="1" type="stmt"/>
        <line num="9" count="0" type="stmt"/>
        <line num="10" count="0" type="stmt"/>
        <line num="13" count="1" type="stmt"/>
        <line num="14" count="0" type="stmt"/>
        <line num="15" count="0" type="stmt"/>
        <line num="16" count="0" type="stmt"/>
        <line num="19" count="1" type="stmt"/>
        <line num="20" count="0" type="stmt"/>
        <line num="21" count="0" type="stmt"/>
        <line num="24" count="1" type="stmt"/>
        <line num="25" count="0" type="stmt"/>
        <line num="26" count="0" type="stmt"/>
      </file>
    </package>
    <package name="model">
      <metrics statements="1" coveredstatements="1" conditionals="0" coveredconditionals="0" methods="0" coveredmethods="0"/>
      <file name="Book.js" path="C:\Users\KIIT\Desktop\aayush_keploy\task3\model\Book.js">
        <metrics statements="1" coveredstatements="1" conditionals="0" coveredconditionals="0" methods="0" coveredmethods="0"/>
        <line num="3" count="1" type="stmt"/>
      </file>
    </package>
  </project>
</coverage>
